This is pdfTeX, Version 3.14159265-2.6-1.40.20 (MiKTeX 2.9.7050) (preloaded format=pdflatex 2019.8.12)  30 OCT 2019 12:22
entering extended mode
**/home/mariana/Desktop/GitHub/ModeloTEX_PPGEQ/modelo.tex
(/home/mariana/Desktop/GitHub/ModeloTEX_PPGEQ/modelo.tex
LaTeX2e <2018-12-01>
(/home/mariana/.miktex/texmfs/install/tex/latex/abntex2/abntex2.cls
Document Class: abntex2 2018/11/24 v-1.9.7 abnTeX2
(/home/mariana/.miktex/texmfs/install/tex/latex/base/ifthen.sty
Package: ifthen 2014/09/29 v1.1c Standard LaTeX ifthen package (DPC)
) (/home/mariana/.miktex/texmfs/install/tex/latex/memoir/memoir.cls
Document Class: memoir 2018/12/12 v3.7h configurable book, report, article document class
\onelineskip=\skip41
\lxvchars=\skip42
\xlvchars=\skip43
\@memcnta=\count80
\c@@memmarkcntra=\count81
(/home/mariana/.miktex/texmfs/install/tex/generic/oberdiek/ifpdf.sty
Package: ifpdf 2018/09/07 v3.3 Provides the ifpdf switch
) (/home/mariana/.miktex/texmfs/install/tex/latex/ifetex/ifetex.sty
Package: ifetex 2018/03/31 v1.2a ifetex
 (/home/mariana/.miktex/texmfs/install/tex/plain/ifetex/ifetex.tex)) (/home/mariana/.miktex/texmfs/install/tex/generic/ifxetex/ifxetex.sty
Package: ifxetex 2010/09/12 v0.6 Provides ifxetex conditional
) (/home/mariana/.miktex/texmfs/install/tex/generic/oberdiek/ifluatex.sty
Package: ifluatex 2016/05/16 v1.4 Provides the ifluatex switch (HO)
Package ifluatex Info: LuaTeX not detected.
)
\stockheight=\skip44
\stockwidth=\skip45
\trimtop=\skip46
\trimedge=\skip47
 (/home/mariana/.miktex/texmfs/install/tex/latex/base/fleqn.clo
File: fleqn.clo 2016/12/29 v1.2b Standard LaTeX option (flush left equations)
\mathindent=\dimen102
Applying: [2015/01/01] Make \[ robust on input line 50.
LaTeX Info: Redefining \[ on input line 51.
Already applied: [0000/00/00] Make \[ robust on input line 62.
Applying: [2015/01/01] Make \] robust on input line 74.
LaTeX Info: Redefining \] on input line 75.
Already applied: [0000/00/00] Make \] robust on input line 83.
) (/home/mariana/.miktex/texmfs/install/tex/latex/memoir/mem12.clo
File: mem12.clo 2010/10/19 v0.4b memoir class 12pt size option
)
\binding=\skip48
\spinemargin=\skip49
\foremargin=\skip50
\uppermargin=\skip51
\lowermargin=\skip52
\headdrop=\skip53
\normalrulethickness=\skip54
\mem@maxheadheight=\skip55
\mem@maxfootheight=\skip56
\headwidth=\skip57
\c@storedpagenumber=\count82
\memPD=\dimen103
\m@mabparskip=\skip58
\thanksmarkwidth=\skip59
\thanksmarksep=\skip60
\droptitle=\skip61
\c@book=\count83
\c@part=\count84
\c@chapter=\count85
\c@section=\count86
\c@subsection=\count87
\c@subsubsection=\count88
\c@paragraph=\count89
\c@subparagraph=\count90
\beforechapskip=\skip62
\midchapskip=\skip63
\afterchapskip=\skip64
\chapindent=\skip65
\bottomsectionskip=\skip66
\secindent=\skip67
\beforesecskip=\skip68
\aftersecskip=\skip69
\subsecindent=\skip70
\beforesubsecskip=\skip71
\aftersubsecskip=\skip72
\subsubsecindent=\skip73
\beforesubsubsecskip=\skip74
\aftersubsubsecskip=\skip75
\paraindent=\skip76
\beforeparaskip=\skip77
\afterparaskip=\skip78
\subparaindent=\skip79
\beforesubparaskip=\skip80
\aftersubparaskip=\skip81
\pfbreakskip=\skip82
\c@@ppsavesec=\count91
\c@@ppsaveapp=\count92
\ragrparindent=\dimen104
\everylistparindent=\dimen105
\parsepi=\skip83
\topsepi=\skip84
\itemsepi=\skip85
\parsepii=\skip86
\topsepii=\skip87
\topsepiii=\skip88
\itemsepii=\skip89
\itemsepiii=\skip90
\partopsepii=\skip91
\partopsepiii=\skip92
\m@msavetopsep=\skip93
\m@msavepartopsep=\skip94
\@enLab=\toks14
\abstitleskip=\skip95
\absleftindent=\skip96
\abs@leftindent=\dimen106
\absrightindent=\skip97
\absparindent=\skip98
\absparsep=\skip99
\c@vslineno=\count93
\c@poemline=\count94
\c@modulo@vs=\count95
\c@memfvsline=\count96
\vleftskip=\skip100
\vrightskip=\skip101
\stanzaskip=\skip102
\versewidth=\skip103
\vgap=\skip104
\vindent=\skip105
\vleftmargin=\dimen107
\c@verse=\count97
\c@chrsinstr=\count98
\beforepoemtitleskip=\skip106
\afterpoemtitleskip=\skip107
\c@poem=\count99
\beforePoemTitleskip=\skip108
\midPoemTitleskip=\skip109
\afterPoemTitleskip=\skip110
 (/home/mariana/.miktex/texmfs/install/tex/latex/tools/array.sty
Package: array 2018/12/30 v2.4k Tabular extension package (FMi)
\col@sep=\dimen108
\ar@mcellbox=\box27
\extrarowheight=\dimen109
\NC@list=\toks15
\extratabsurround=\skip111
\backup@length=\skip112
\ar@cellbox=\box28
) (/home/mariana/.miktex/texmfs/install/tex/latex/tools/dcolumn.sty
Package: dcolumn 2014/10/28 v1.06 decimal alignment package (DPC)
) (/home/mariana/.miktex/texmfs/install/tex/latex/tools/delarray.sty
Package: delarray 2014/10/28 v1.01 array delimiter package (DPC)
) (/home/mariana/.miktex/texmfs/install/tex/latex/tools/tabularx.sty
Package: tabularx 2016/02/03 v2.11b `tabularx' package (DPC)
\TX@col@width=\dimen110
\TX@old@table=\dimen111
\TX@old@col=\dimen112
\TX@target=\dimen113
\TX@delta=\dimen114
\TX@cols=\count100
\TX@ftn=\toks16
)
\heavyrulewidth=\dimen115
\lightrulewidth=\dimen116
\cmidrulewidth=\dimen117
\belowrulesep=\dimen118
\belowbottomsep=\dimen119
\aboverulesep=\dimen120
\abovetopsep=\dimen121
\cmidrulesep=\dimen122
\cmidrulekern=\dimen123
\defaultaddspace=\dimen124
\@cmidla=\count101
\@cmidlb=\count102
\@aboverulesep=\dimen125
\@belowrulesep=\dimen126
\@thisruleclass=\count103
\@lastruleclass=\count104
\@thisrulewidth=\dimen127
\ctableftskip=\skip113
\ctabrightskip=\skip114
\abovecolumnspenalty=\count105
\@linestogo=\count106
\@cellstogo=\count107
\@cellsincolumn=\count108
\crtok=\toks17
\@mincolumnwidth=\dimen128
\c@newflo@tctr=\count109
\mem@margin@floatbox=\box29
\@contcwidth=\skip115
\@contindw=\skip116
\abovecaptionskip=\skip117
\belowcaptionskip=\skip118
\subfloattopskip=\skip119
\subfloatcapskip=\skip120
\subfloatcaptopadj=\skip121
\subfloatbottomskip=\skip122
\subfloatlabelskip=\skip123
\subfloatcapmargin=\dimen129
\c@@contsubnum=\count110
\m@mscap@capbox=\box30
\m@mscap@fbox=\box31
\sidecapsep=\dimen130
\sidecapwidth=\dimen131
\m@m@tempdima=\dimen132
\m@mscapraise=\dimen133
\sidecapraise=\dimen134
\m@mscapmainwidth=\dimen135
\m@mscaplkern=\dimen136
\beforeepigraphskip=\skip124
\afterepigraphskip=\skip125
\epigraphwidth=\skip126
\epigraphrule=\skip127
LaTeX Info: Redefining \em on input line 7592.
LaTeX Info: Redefining \emph on input line 7600.
\tocentryskip=\skip128
\tocbaseline=\skip129
\cftparskip=\skip130
\cftbeforebookskip=\skip131
\cftbookindent=\dimen137
\cftbooknumwidth=\dimen138
\cftbeforepartskip=\skip132
\cftpartindent=\skip133
\cftpartnumwidth=\skip134
\cftbeforechapterskip=\skip135
\cftchapterindent=\skip136
\cftchapternumwidth=\skip137
\cftbeforesectionskip=\skip138
\cftsectionindent=\skip139
\cftsectionnumwidth=\skip140
\cftbeforesubsectionskip=\skip141
\cftsubsectionindent=\skip142
\cftsubsectionnumwidth=\skip143
\cftbeforesubsubsectionskip=\skip144
\cftsubsubsectionindent=\skip145
\cftsubsubsectionnumwidth=\skip146
\cftbeforeparagraphskip=\skip147
\cftparagraphindent=\skip148
\cftparagraphnumwidth=\skip149
\cftbeforesubparagraphskip=\skip150
\cftsubparagraphindent=\skip151
\cftsubparagraphnumwidth=\skip152
\prechapterprecisshift=\dimen139
\c@maxsecnumdepth=\count111
\bibindent=\dimen140
\bibitemsep=\skip153
\indexcolsep=\skip154
\indexrule=\skip155
\indexmarkstyle=\toks18
\@indexbox=\insert199
\glossarycolsep=\dimen141
\glossaryrule=\dimen142
\sideparvshift=\skip156
\sideins=\insert198
\sidebartopsep=\skip157
\sidebarhsep=\skip158
\sidebarvsep=\skip159
\sidebarwidth=\skip160
\footmarkwidth=\skip161
\footmarksep=\skip162
\footparindent=\skip163
\footinsdim=\skip164
\footinsv@r=\insert197
\@mpfootinsv@r=\insert196
\m@m@k=\count112
\m@m@h=\dimen143
\m@mipn@skip=\skip165
\sidefootins=\insert195
\sidefootadjust=\skip166
\sidefootheight=\skip167
\sidefoothsep=\skip168
\sidefootvsep=\skip169
\sidefootwidth=\skip170
\m@mdownsf=\skip171
\c@sidefootnote=\count113
\sidefootmarkwidth=\skip172
\sidefootmarksep=\skip173
\sidefootparindent=\skip174
\c@pagenote=\count114
\c@pagenoteshadow=\count115
\mem@pn@lastkern=\skip175
\every@verbatim=\toks19
\afterevery@verbatim=\toks20
\verbatim@line=\toks21
\tab@position=\count116
\verbatim@in@stream=\read1
\verbatimindent=\skip176
\verbatim@out=\write3
\bvboxsep=\skip177
\c@memfbvline=\count117
\c@bvlinectr=\count118
\bvnumlength=\skip178
\fb@frw=\dimen144
\fb@frh=\dimen145
\FrameRule=\dimen146
\FrameSep=\dimen147
\c@cp@cntr=\count119
LaTeX Info: Redefining \: on input line 12114.
LaTeX Info: Redefining \! on input line 12116.
\c@ism@mctr=\count120
\c@xsm@mctr=\count121
\c@csm@mctr=\count122
\c@ksm@mctr=\count123
\c@xksm@mctr=\count124
\c@cksm@mctr=\count125
\c@msm@mctr=\count126
\c@xmsm@mctr=\count127
\c@cmsm@mctr=\count128
\c@bsm@mctr=\count129
\c@workm@mctr=\count130
\c@sheetsequence=\count131
\c@lastsheet=\count132
\c@lastpage=\count133
\c@figure=\count134
\c@lofdepth=\count135
\cftbeforefigureskip=\skip179
\cftfigureindent=\skip180
\cftfigurenumwidth=\skip181
\c@table=\count136
\c@lotdepth=\count137
\cftbeforetableskip=\skip182
\cfttableindent=\skip183
\cfttablenumwidth=\skip184
Package abstract [2008/07/23] emulated by memoir.
Package appendix [2008/07/23] emulated by memoir.
Package booktabs [2016/05/16] emulated by memoir.
Package ccaption [2008/07/23] emulated by memoir.
Package changepage [2008/07/23] emulated by memoir.
Package chngcntr [2008/07/23] emulated by memoir.
Package chngpage [2008/07/23] emulated by memoir.
Package crop emulated by memoir.
Package enumerate [2008/07/23] emulated by memoir.
Package epigraph [2008/07/23] emulated by memoir.
Package ifmtarg [2008/07/23] emulated by memoir.
Package index [2008/07/23] emulated by memoir.
Package makeidx [2008/07/23] emulated by memoir.
Package moreverb [2008/07/23] emulated by memoir.
Package mparhack [2008/07/23] emulated by memoir.
Package needspace [2008/07/23] emulated by memoir.
Package newfile [2008/07/23] emulated by memoir.
Package nextpage [2008/07/23] emulated by memoir.
Package pagenote [2008/07/23] emulated by memoir.
Package parskip [2008/07/23] emulated by memoir.
Package patchcmd [2008/07/23] emulated by memoir.
Package setspace [2008/07/23] emulated by memoir.
Package shortvrb [2008/07/23] emulated by memoir.
Package showidx [2008/07/23] emulated by memoir.
Package titleref [2008/07/23] emulated by memoir.
Package titling [2008/07/23] emulated by memoir.
Package tocbibind [2008/07/23] emulated by memoir.
Package tocloft [2008/07/23] emulated by memoir.
Package tocvsec2 [2008/07/23] emulated by memoir.
Package verbatim [2008/07/23] emulated by memoir.
Package verse [2008/07/23] emulated by memoir.
) (/home/mariana/.miktex/texmfs/install/tex/latex/textcase/textcase.sty
Package: textcase 2004/10/07 v0.07 Text only upper/lower case changing (DPC)
LaTeX Info: Redefining \MakeTextUppercase on input line 47.
LaTeX Info: Redefining \MakeTextLowercase on input line 50.
) (/home/mariana/.miktex/texmfs/install/tex/latex/hyperref/hyperref.sty
Package: hyperref 2019/06/12 v6.88h Hypertext links for LaTeX
 (/home/mariana/.miktex/texmfs/install/tex/generic/oberdiek/hobsub-hyperref.sty
Package: hobsub-hyperref 2016/05/16 v1.14 Bundle oberdiek, subset hyperref (HO)
 (/home/mariana/.miktex/texmfs/install/tex/generic/oberdiek/hobsub-generic.sty
Package: hobsub-generic 2016/05/16 v1.14 Bundle oberdiek, subset generic (HO)
Package: hobsub 2016/05/16 v1.14 Construct package bundles (HO)
Package: infwarerr 2016/05/16 v1.4 Providing info/warning/error messages (HO)
Package: ltxcmds 2016/05/16 v1.23 LaTeX kernel commands for general use (HO)
Package hobsub Info: Skipping package `ifluatex' (already loaded).
Package: ifvtex 2016/05/16 v1.6 Detect VTeX and its facilities (HO)
Package ifvtex Info: VTeX not detected.
Package: intcalc 2016/05/16 v1.2 Expandable calculations with integers (HO)
Package hobsub Info: Skipping package `ifpdf' (already loaded).
Package: etexcmds 2016/05/16 v1.6 Avoid name clashes with e-TeX commands (HO)
Package: kvsetkeys 2016/05/16 v1.17 Key value parser (HO)
Package: kvdefinekeys 2016/05/16 v1.4 Define keys (HO)
Package: pdftexcmds 2019/07/25 v0.30 Utility functions of pdfTeX for LuaTeX (HO)
Package pdftexcmds Info: LuaTeX not detected.
Package pdftexcmds Info: \pdf@primitive is available.
Package pdftexcmds Info: \pdf@ifprimitive is available.
Package pdftexcmds Info: \pdfdraftmode found.
Package: pdfescape 2016/05/16 v1.14 Implements pdfTeX's escape features (HO)
Package: bigintcalc 2016/05/16 v1.4 Expandable calculations on big integers (HO)
Package: bitset 2016/05/16 v1.2 Handle bit-vector datatype (HO)
Package: uniquecounter 2016/05/16 v1.3 Provide unlimited unique counter (HO)
)
Package hobsub Info: Skipping package `hobsub' (already loaded).
Package: letltxmacro 2016/05/16 v1.5 Let assignment for LaTeX macros (HO)
Package: hopatch 2016/05/16 v1.3 Wrapper for package hooks (HO)
Package: xcolor-patch 2016/05/16 xcolor patch
Package: atveryend 2016/05/16 v1.9 Hooks at the very end of document (HO)
Package atveryend Info: \enddocument detected (standard20110627).
Package: atbegshi 2016/06/09 v1.18 At begin shipout hook (HO)
Package: refcount 2016/05/16 v3.5 Data extraction from label references (HO)
Package: hycolor 2016/05/16 v1.8 Color options for hyperref/bookmark (HO)
) (/home/mariana/.miktex/texmfs/install/tex/latex/graphics/keyval.sty
Package: keyval 2014/10/28 v1.15 key=value parser (DPC)
\KV@toks@=\toks22
) (/home/mariana/.miktex/texmfs/install/tex/latex/oberdiek/auxhook.sty
Package: auxhook 2016/05/16 v1.4 Hooks for auxiliary files (HO)
) (/home/mariana/.miktex/texmfs/install/tex/latex/oberdiek/kvoptions.sty
Package: kvoptions 2016/05/16 v3.12 Key value format for package options (HO)
)
\@linkdim=\dimen148
\Hy@linkcounter=\count138
\Hy@pagecounter=\count139
 (/home/mariana/.miktex/texmfs/install/tex/latex/hyperref/pd1enc.def
File: pd1enc.def 2019/06/12 v6.88h Hyperref: PDFDocEncoding definition (HO)
Now handling font encoding PD1 ...
... no UTF-8 mapping file for font encoding PD1
)
\Hy@SavedSpaceFactor=\count140
 (/home/mariana/.miktex/texmfs/install/tex/latex/00miktex/hyperref.cfg
File: hyperref.cfg 2002/06/06 v1.2 hyperref configuration of TeXLive
)
Package hyperref Info: Hyper figures OFF on input line 4550.
Package hyperref Info: Link nesting OFF on input line 4555.
Package hyperref Info: Hyper index ON on input line 4558.
Package hyperref Info: Plain pages OFF on input line 4565.
Package hyperref Info: Backreferencing OFF on input line 4570.
Package hyperref Info: Implicit mode ON; LaTeX internals redefined.
Package hyperref Info: Bookmarks ON on input line 4803.
\c@Hy@tempcnt=\count141
 (/home/mariana/.miktex/texmfs/install/tex/latex/url/url.sty
\Urlmuskip=\muskip10
Package: url 2013/09/16  ver 3.4  Verb mode for urls, etc.
)
LaTeX Info: Redefining \url on input line 5156.
\XeTeXLinkMargin=\dimen149
\Fld@menulength=\count142
\Field@Width=\dimen150
\Fld@charsize=\dimen151
Package hyperref Info: Hyper figures OFF on input line 6411.
Package hyperref Info: Link nesting OFF on input line 6416.
Package hyperref Info: Hyper index ON on input line 6419.
Package hyperref Info: backreferencing OFF on input line 6426.
Package hyperref Info: Link coloring OFF on input line 6431.
Package hyperref Info: Link coloring with OCG OFF on input line 6436.
Package hyperref Info: PDF/A mode OFF on input line 6441.
LaTeX Info: Redefining \ref on input line 6481.
LaTeX Info: Redefining \pageref on input line 6485.
\Hy@abspage=\count143
\c@Item=\count144
\c@Hfootnote=\count145
) (/home/mariana/.miktex/texmfs/install/tex/latex/memoir/memhfixc.sty
Package: memhfixc 2013/05/30 v1.17 nameref/hyperref package fixes for memoir class
\c@memhycontfloat=\count146
\c@Hpagenote=\count147
)
Package hyperref Info: Driver (autodetected): hpdftex.
 (/home/mariana/.miktex/texmfs/install/tex/latex/hyperref/hpdftex.def
File: hpdftex.def 2019/06/12 v6.88h Hyperref driver for pdfTeX
\Fld@listcount=\count148
\c@bookmark@seq@number=\count149
 (/home/mariana/.miktex/texmfs/install/tex/latex/oberdiek/rerunfilecheck.sty
Package: rerunfilecheck 2016/05/16 v1.8 Rerun checks for auxiliary files (HO)
Package uniquecounter Info: New unique counter `rerunfilecheck' on input line 282.
)
\Hy@SectionHShift=\skip185
) (/home/mariana/.miktex/texmfs/install/tex/latex/oberdiek/bookmark.sty
Package: bookmark 2019/06/04 v1.27 PDF bookmarks (HO)
 (/home/mariana/.miktex/texmfs/install/tex/latex/oberdiek/bkm-pdftex.def
File: bkm-pdftex.def 2019/06/04 v1.27 bookmark driver for pdfTeX (HO)
\BKM@id=\count150
)) (/home/mariana/.miktex/texmfs/install/tex/generic/babel/babel.sty
Package: babel 2019/07/19 3.33 The Babel package
 (/home/mariana/.miktex/texmfs/install/tex/generic/babel/switch.def
File: switch.def 2019/07/19 3.33 Babel switching mechanism
)
*************************************
* Local config file bblopts.cfg used
*
(/home/mariana/.miktex/texmfs/install/tex/latex/arabi/bblopts.cfg
File: bblopts.cfg 2005/09/08 v0.1 add Arabic and Farsi to "declared" options of babel
) (/home/mariana/.miktex/texmfs/install/tex/latex/babel-english/english.ldf
Language: english 2017/06/06 v3.3r English support from the babel system
 (/home/mariana/.miktex/texmfs/install/tex/generic/babel/babel.def
File: babel.def 2019/07/19 3.33 Babel common definitions
\babel@savecnt=\count151
\U@D=\dimen152
 (/home/mariana/.miktex/texmfs/install/tex/generic/babel/txtbabel.def)
\bbl@dirlevel=\count152
)
\l@canadian = a dialect from \language\l@american 
\l@australian = a dialect from \language\l@british 
\l@newzealand = a dialect from \language\l@british 
) (/home/mariana/.miktex/texmfs/install/tex/generic/babel-french/french.ldf
Language: french 2019/03/30 v3.5e French support from the babel system
\l@acadian = a dialect from \language\l@french 
\FB@nonchar=\count153
Package babel Info: Making : an active character on input line 414.
Package babel Info: Making ; an active character on input line 415.
Package babel Info: Making ! an active character on input line 416.
Package babel Info: Making ? an active character on input line 417.
\FBguill@level=\count154
\FBold@everypar=\toks23
\FB@Mht=\dimen153
\mc@charclass=\count155
\mc@charfam=\count156
\mc@charslot=\count157
\std@mcc=\count158
\dec@mcc=\count159
\c@FBcaption@count=\count160
\listindentFB=\dimen154
\descindentFB=\dimen155
\labelindentFB=\dimen156
\labelwidthFB=\dimen157
\leftmarginFB=\dimen158
\parindentFFN=\dimen159
\FBfnindent=\dimen160
) (/home/mariana/.miktex/texmfs/install/tex/latex/babel-spanish/spanish.ldf
Language: spanish.ldf 2016/03/03 v5.0p Spanish support from the babel system
\es@quottoks=\toks24
\es@quotdepth=\count161
Package babel Info: Making " an active character on input line 561.
Package babel Info: Making . an active character on input line 662.
Package babel Info: Making < an active character on input line 707.
Package babel Info: Making > an active character on input line 707.
) (/home/mariana/.miktex/texmfs/install/tex/latex/babel-portuges/portuges.ldf
Language: portuges 2008/03/18 v1.2q Portuguese support from the babel system
\l@brazil = a dialect from \language\l@portuges 
)) (/home/mariana/.miktex/texmfs/install/tex/latex/carlisle/scalefnt.sty) (/home/mariana/.miktex/texmfs/install/tex/latex/enumitem/enumitem.sty
Package: enumitem 2019/06/20 v3.9 Customized lists
\labelindent=\skip186
\enit@outerparindent=\dimen161
\enit@toks=\toks25
\enit@inbox=\box32
\enit@count@id=\count162
\enitdp@description=\count163
) (/home/mariana/.miktex/texmfs/install/tex/latex/tools/calc.sty
Package: calc 2017/05/25 v4.3 Infix arithmetic (KKT,FJ)
\calc@Acount=\count164
\calc@Bcount=\count165
\calc@Adimen=\dimen162
\calc@Bdimen=\dimen163
\calc@Askip=\skip187
\calc@Bskip=\skip188
LaTeX Info: Redefining \setlength on input line 80.
LaTeX Info: Redefining \addtolength on input line 81.
\calc@Ccount=\count166
\calc@Cskip=\skip189
)

******************************************************
Stock height and width: 845.04684pt by 597.50787pt
Top and edge trims: 0pt and 0pt
Page height and width: 845.04684pt by 597.50787pt
Text height and width: 708pt by 455pt
Spine and edge margins: 85.35826pt and 56.9055pt
Upper and lower margins: 85.35826pt and 51.68858pt
Headheight and headsep: 14.5pt and 19.8738pt
Footskip: 30pt
Columnsep and columnseprule: 10pt and 0pt
Marginparsep and marginparwidth: 7pt and 42.9055pt
Sidecapsep and sidecapwidth: 7pt and 42pt
Sidebarhsep and sidebarwidth: 7pt and 42pt
Sidebarvsep and sidebartopsep: 14.5pt and 0pt
Sidebarheight: 590.14995pt
Sidefoothsep and sidefootwidth: 7pt and 42pt
Sidefootvsep and sidefootheight: 14.5pt and 590.14995pt
******************************************************

\c@abntex@bookmarkcounter=\count167
\cftlastnumwidth=\skip190
\chapternamenumlength=\skip191
\ABNTEXcitacaorecuo=\skip192
\c@alineasi=\count168
\c@alineasii=\count169
\enitdp@alineas=\count170
\c@subalineasi=\count171
\enitdp@subalineas=\count172
\c@incisosi=\count173
\enitdp@incisos=\count174
\ABNTEXsignwidth=\skip193
\ABNTEXsignthickness=\skip194
\ABNTEXsignskip=\skip256
) (/home/mariana/.miktex/texmfs/install/tex/latex/psnfss/times.sty
Package: times 2005/04/12 PSNFSS-v9.2a (SPQR) 
) (/home/mariana/.miktex/texmfs/install/tex/latex/base/fontenc.sty
Package: fontenc 2018/08/11 v2.0j Standard LaTeX package
 (/home/mariana/.miktex/texmfs/install/tex/latex/base/t1enc.def
File: t1enc.def 2018/08/11 v2.0j Standard LaTeX file
LaTeX Font Info:    Redeclaring font encoding T1 on input line 48.
)) (/home/mariana/.miktex/texmfs/install/tex/latex/base/inputenc.sty
Package: inputenc 2018/08/11 v1.3c Input encoding file
\inpenc@prehook=\toks26
\inpenc@posthook=\toks27
) (/home/mariana/.miktex/texmfs/install/tex/latex/tools/indentfirst.sty
Package: indentfirst 1995/11/23 v1.03 Indent first paragraph (DPC)
) (/home/mariana/.miktex/texmfs/install/tex/latex/graphics/color.sty
Package: color 2016/07/10 v1.1e Standard LaTeX Color (DPC)
 (/home/mariana/.miktex/texmfs/install/tex/latex/graphics-cfg/color.cfg
File: color.cfg 2016/01/02 v1.6 sample color configuration
)
Package color Info: Driver file: pdftex.def on input line 147.
 (/home/mariana/.miktex/texmfs/install/tex/latex/graphics-def/pdftex.def
File: pdftex.def 2018/01/08 v1.0l Graphics/color driver for pdftex
)) (/home/mariana/.miktex/texmfs/install/tex/latex/graphics/graphicx.sty
Package: graphicx 2017/06/01 v1.1a Enhanced LaTeX Graphics (DPC,SPQR)
 (/home/mariana/.miktex/texmfs/install/tex/latex/graphics/graphics.sty
Package: graphics 2017/06/25 v1.2c Standard LaTeX Graphics (DPC,SPQR)
 (/home/mariana/.miktex/texmfs/install/tex/latex/graphics/trig.sty
Package: trig 2016/01/03 v1.10 sin cos tan (DPC)
) (/home/mariana/.miktex/texmfs/install/tex/latex/graphics-cfg/graphics.cfg
File: graphics.cfg 2016/06/04 v1.11 sample graphics configuration
)
Package graphics Info: Driver file: pdftex.def on input line 99.
)
\Gin@req@height=\dimen164
\Gin@req@width=\dimen165
) (/home/mariana/.miktex/texmfs/install/tex/latex/microtype/microtype.sty
Package: microtype 2019/02/28 v2.7b Micro-typographical refinements (RS)
\MT@toks=\toks28
\MT@count=\count175
LaTeX Info: Redefining \textls on input line 790.
\MT@outer@kern=\dimen166
LaTeX Info: Redefining \textmicrotypecontext on input line 1336.
\MT@listname@count=\count176
 (/home/mariana/.miktex/texmfs/install/tex/latex/microtype/microtype-pdftex.def
File: microtype-pdftex.def 2019/02/28 v2.7b Definitions specific to pdftex (RS)
LaTeX Info: Redefining \lsstyle on input line 914.
LaTeX Info: Redefining \lslig on input line 914.
\MT@outer@space=\skip257
)
Package microtype Info: Loading configuration file microtype.cfg.
 (/home/mariana/.miktex/texmfs/install/tex/latex/microtype/microtype.cfg
File: microtype.cfg 2019/02/28 v2.7b microtype main configuration file (RS)
)) (/home/mariana/.miktex/texmfs/install/tex/latex/amsmath/amsmath.sty
Package: amsmath 2018/12/01 v2.17b AMS math features
\@mathmargin=\skip258

For additional information on amsmath, use the `?' option.
(/home/mariana/.miktex/texmfs/install/tex/latex/amsmath/amstext.sty
Package: amstext 2000/06/29 v2.01 AMS text
 (/home/mariana/.miktex/texmfs/install/tex/latex/amsmath/amsgen.sty
File: amsgen.sty 1999/11/30 v2.0 generic functions
\@emptytoks=\toks29
\ex@=\dimen167
)) (/home/mariana/.miktex/texmfs/install/tex/latex/amsmath/amsbsy.sty
Package: amsbsy 1999/11/29 v1.2d Bold Symbols
\pmbraise@=\dimen168
) (/home/mariana/.miktex/texmfs/install/tex/latex/amsmath/amsopn.sty
Package: amsopn 2016/03/08 v2.02 operator names
)
\inf@bad=\count177
LaTeX Info: Redefining \frac on input line 223.
\uproot@=\count178
\leftroot@=\count179
LaTeX Info: Redefining \overline on input line 385.
\classnum@=\count180
\DOTSCASE@=\count181
LaTeX Info: Redefining \ldots on input line 482.
LaTeX Info: Redefining \dots on input line 485.
LaTeX Info: Redefining \cdots on input line 606.
\Mathstrutbox@=\box33
\strutbox@=\box34
\big@size=\dimen169
LaTeX Font Info:    Redeclaring font encoding OML on input line 729.
LaTeX Font Info:    Redeclaring font encoding OMS on input line 730.
\macc@depth=\count182
\c@MaxMatrixCols=\count183
\dotsspace@=\muskip11
\c@parentequation=\count184
\dspbrk@lvl=\count185
\tag@help=\toks30
\row@=\count186
\column@=\count187
\maxfields@=\count188
\andhelp@=\toks31
\eqnshift@=\dimen170
\alignsep@=\dimen171
\tagshift@=\dimen172
\tagwidth@=\dimen173
\totwidth@=\dimen174
\lineht@=\dimen175
\@envbody=\toks32
\multlinegap=\skip259
\multlinetaggap=\skip260
\mathdisplay@stack=\toks33
LaTeX Info: Redefining \[ on input line 2844.
LaTeX Info: Redefining \] on input line 2845.
) (/home/mariana/.miktex/texmfs/install/tex/latex/lipsum/lipsum.sty (/home/mariana/.miktex/texmfs/install/tex/latex/l3kernel/expl3.sty
Package: expl3 2019-07-25 L3 programming layer (loader) 
 (/home/mariana/.miktex/texmfs/install/tex/latex/l3kernel/expl3-code.tex
Package: expl3 2019-07-25 L3 programming layer (code)
\c_max_int=\count189
\l_tmpa_int=\count190
\l_tmpb_int=\count191
\g_tmpa_int=\count192
\g_tmpb_int=\count193
\g__kernel_prg_map_int=\count194
\c__ior_term_ior=\count266
\c_log_iow=\count267
\l_iow_line_count_int=\count268
\l__iow_line_target_int=\count269
\l__iow_one_indent_int=\count270
\l__iow_indent_int=\count271
\c_zero_dim=\dimen176
\c_max_dim=\dimen177
\l_tmpa_dim=\dimen178
\l_tmpb_dim=\dimen179
\g_tmpa_dim=\dimen180
\g_tmpb_dim=\dimen181
\c_zero_skip=\skip261
\c_max_skip=\skip262
\l_tmpa_skip=\skip263
\l_tmpb_skip=\skip264
\g_tmpa_skip=\skip265
\g_tmpb_skip=\skip266
\c_zero_muskip=\muskip12
\c_max_muskip=\muskip13
\l_tmpa_muskip=\muskip14
\l_tmpb_muskip=\muskip15
\g_tmpa_muskip=\muskip16
\g_tmpb_muskip=\muskip17
\l_keys_choice_int=\count272
\l__intarray_loop_int=\count273
\c__intarray_sp_dim=\dimen182
\g__intarray_font_int=\count274
\c__fp_leading_shift_int=\count275
\c__fp_middle_shift_int=\count276
\c__fp_trailing_shift_int=\count277
\c__fp_big_leading_shift_int=\count278
\c__fp_big_middle_shift_int=\count279
\c__fp_big_trailing_shift_int=\count280
\c__fp_Bigg_leading_shift_int=\count281
\c__fp_Bigg_middle_shift_int=\count282
\c__fp_Bigg_trailing_shift_int=\count283
\c__kernel_randint_max_int=\count284
\g__fp_array_int=\count285
\l__fp_array_loop_int=\count286
\l__sort_length_int=\count287
\l__sort_min_int=\count288
\l__sort_top_int=\count289
\l__sort_max_int=\count290
\l__sort_true_max_int=\count291
\l__sort_block_int=\count292
\l__sort_begin_int=\count293
\l__sort_end_int=\count294
\l__sort_A_int=\count295
\l__sort_B_int=\count296
\l__sort_C_int=\count297
\l__str_internal_int=\count298
\c__str_replacement_char_int=\count299
\l__tl_analysis_normal_int=\count300
\l__tl_analysis_index_int=\count301
\l__tl_analysis_nesting_int=\count302
\l__tl_analysis_type_int=\count303
\l__regex_internal_a_int=\count304
\l__regex_internal_b_int=\count305
\l__regex_internal_c_int=\count306
\l__regex_balance_int=\count307
\l__regex_group_level_int=\count308
\l__regex_mode_int=\count309
\c__regex_cs_in_class_mode_int=\count310
\c__regex_cs_mode_int=\count311
\l__regex_catcodes_int=\count312
\l__regex_default_catcodes_int=\count313
\c__regex_catcode_D_int=\count314
\c__regex_catcode_S_int=\count315
\c__regex_catcode_L_int=\count316
\c__regex_catcode_O_int=\count317
\c__regex_catcode_A_int=\count318
\c__regex_all_catcodes_int=\count319
\l__regex_show_lines_int=\count320
\l__regex_min_state_int=\count321
\l__regex_max_state_int=\count322
\l__regex_left_state_int=\count323
\l__regex_right_state_int=\count324
\l__regex_capturing_group_int=\count325
\l__regex_min_pos_int=\count326
\l__regex_max_pos_int=\count327
\l__regex_curr_pos_int=\count328
\l__regex_start_pos_int=\count329
\l__regex_success_pos_int=\count330
\l__regex_curr_char_int=\count331
\l__regex_curr_catcode_int=\count332
\l__regex_last_char_int=\count333
\l__regex_case_changed_char_int=\count334
\l__regex_curr_state_int=\count335
\l__regex_step_int=\count336
\l__regex_min_active_int=\count337
\l__regex_max_active_int=\count338
\l__regex_replacement_csnames_int=\count339
\l__regex_match_count_int=\count340
\l__regex_min_submatch_int=\count341
\l__regex_submatch_int=\count342
\l__regex_zeroth_submatch_int=\count343
\g__regex_trace_regex_int=\count344
\c_empty_box=\box35
\l_tmpa_box=\box36
\l_tmpb_box=\box37
\g_tmpa_box=\box38
\g_tmpb_box=\box39
\l__box_top_dim=\dimen183
\l__box_bottom_dim=\dimen184
\l__box_left_dim=\dimen185
\l__box_right_dim=\dimen186
\l__box_top_new_dim=\dimen187
\l__box_bottom_new_dim=\dimen188
\l__box_left_new_dim=\dimen189
\l__box_right_new_dim=\dimen190
\l__box_internal_box=\box40
\l__coffin_internal_box=\box41
\l__coffin_internal_dim=\dimen191
\l__coffin_offset_x_dim=\dimen192
\l__coffin_offset_y_dim=\dimen193
\l__coffin_x_dim=\dimen194
\l__coffin_y_dim=\dimen256
\l__coffin_x_prime_dim=\dimen257
\l__coffin_y_prime_dim=\dimen258
\c_empty_coffin=\box42
\l__coffin_aligned_coffin=\box43
\l__coffin_aligned_internal_coffin=\box44
\l_tmpa_coffin=\box45
\l_tmpb_coffin=\box46
\g_tmpa_coffin=\box47
\g_tmpb_coffin=\box48
\l__coffin_bounding_shift_dim=\dimen259
\l__coffin_left_corner_dim=\dimen260
\l__coffin_right_corner_dim=\dimen261
\l__coffin_bottom_corner_dim=\dimen262
\l__coffin_top_corner_dim=\dimen263
\l__coffin_scaled_total_height_dim=\dimen264
\l__coffin_scaled_width_dim=\dimen265
\c__coffin_empty_coffin=\box49
\l__coffin_display_coffin=\box50
\l__coffin_display_coord_coffin=\box51
\l__coffin_display_pole_coffin=\box52
\l__coffin_display_offset_dim=\dimen266
\l__coffin_display_x_dim=\dimen267
\l__coffin_display_y_dim=\dimen268
\g__file_internal_ior=\read2
\l__seq_internal_a_int=\count345
\l__seq_internal_b_int=\count346
) (/home/mariana/.miktex/texmfs/install/tex/latex/l3backend/l3backend-pdfmode.def
File: l3backend-pdfmode.def 2019-04-06 v L3 Experimental backend support: PDF mode
\l__kernel_color_stack_int=\count347
\l__pdf_internal_box=\box53
)) (/home/mariana/.miktex/texmfs/install/tex/latex/l3packages/xparse/xparse.sty
Package: xparse 2019-05-28 L3 Experimental document command parser
\l__xparse_current_arg_int=\count348
\g__xparse_grabber_int=\count349
\l__xparse_m_args_int=\count350
\l__xparse_v_nesting_int=\count351
)
Package: lipsum 2019/01/02 v2.2 150 paragraphs of Lorem Ipsum dummy text
 (/home/mariana/.miktex/texmfs/install/tex/latex/lipsum/lipsum.ltd.tex
File: lipsum.ltd.tex 2019/01/02 v2.2 The Lorem ipsum dummy text
)) (/home/mariana/.miktex/texmfs/install/tex/latex/abntex2/abntex2cite.sty
Package: abntex2cite 2018/11/24 v-1.9.7 abnTeX2
 (/home/mariana/.miktex/texmfs/install/tex/latex/abntex2/abntex2abrev.sty)
\minimumbiblabelwidth=\skip267
\ABCIauxlen=\skip268
\c@ABCIaux=\count352
\c@ABCImax=\count353
 (/home/mariana/.miktex/texmfs/install/tex/latex/relsize/relsize.sty
Package: relsize 2013/03/29 ver 4.1
)
\biblabelsep=\skip269
LaTeX Info: Redefining \newblock on input line 591.
LaTeX Info: Redefining \cite on input line 618.
\ABCItoken=\toks34
)
Package color Info: Redefining color blue on input line 102.
Package hyperref Info: Option `colorlinks' set `true' on input line 119.
\c@quadro=\count354
\c@loqdepth=\count355
\cftbeforequadroskip=\skip270
\cftquadroindent=\skip271
\cftquadronumwidth=\skip272
\modelo@idxfile=\write4
\openout4 = `modelo.idx'.


Writing index file modelo.idx 
   defining Unicode char U+2212 (decimal 8722)
(/home/mariana/Desktop/GitHub/ModeloTEX_PPGEQ/modelo.aux (/home/mariana/Desktop/GitHub/ModeloTEX_PPGEQ/abntex2-modelo-include-comandos.aux))
\openout1 = `modelo.aux'.

LaTeX Font Info:    Checking defaults for OML/cmm/m/it on input line 256.
LaTeX Font Info:    ... okay on input line 256.
LaTeX Font Info:    Checking defaults for T1/cmr/m/n on input line 256.
LaTeX Font Info:    ... okay on input line 256.
LaTeX Font Info:    Checking defaults for OT1/cmr/m/n on input line 256.
LaTeX Font Info:    ... okay on input line 256.
LaTeX Font Info:    Checking defaults for OMS/cmsy/m/n on input line 256.
LaTeX Font Info:    ... okay on input line 256.
LaTeX Font Info:    Checking defaults for OMX/cmex/m/n on input line 256.
LaTeX Font Info:    ... okay on input line 256.
LaTeX Font Info:    Checking defaults for U/cmr/m/n on input line 256.
LaTeX Font Info:    ... okay on input line 256.
LaTeX Font Info:    Checking defaults for PD1/pdf/m/n on input line 256.
LaTeX Font Info:    ... okay on input line 256.
LaTeX Font Info:    Try loading font information for T1+ptm on input line 256.
 (/home/mariana/.miktex/texmfs/install/tex/latex/psnfss/t1ptm.fd
File: t1ptm.fd 2001/06/04 font definitions for T1/ptm.
)
\AtBeginShipoutBox=\box54
Package hyperref Info: Link coloring ON on input line 256.
 (/home/mariana/.miktex/texmfs/install/tex/latex/hyperref/nameref.sty
Package: nameref 2016/05/21 v2.44 Cross-referencing by name of section
 (/home/mariana/.miktex/texmfs/install/tex/generic/oberdiek/gettitlestring.sty
Package: gettitlestring 2016/05/16 v1.5 Cleanup title references (HO)
)
\c@section@level=\count356
)
Redoing nameref's sectioning
Redoing nameref's label
LaTeX Info: Redefining \nameref on input line 256.
LaTeX Info: Redefining \ref on input line 256.
LaTeX Info: Redefining \pageref on input line 256.
LaTeX Info: Redefining \nameref on input line 256.
LaTeX Info: Redefining \degres on input line 256.
LaTeX Info: Redefining \dots on input line 256.
LaTeX Info: Redefining \up on input line 256.
\myptabbox=\box55
\myptabboxwidth=\skip273
(/home/mariana/.miktex/texmfs/install/tex/context/base/mkii/supp-pdf.mkii
[Loading MPS to PDF converter (version 2006.09.02).]
\scratchcounter=\count357
\scratchdimen=\dimen269
\scratchbox=\box56
\nofMPsegments=\count358
\nofMParguments=\count359
\everyMPshowfont=\toks35
\MPscratchCnt=\count360
\MPscratchDim=\dimen270
\MPnumerator=\count361
\makeMPintoPDFobject=\count362
\everyMPtoPDFconversion=\toks36
) (/home/mariana/.miktex/texmfs/install/tex/latex/oberdiek/epstopdf-base.sty
Package: epstopdf-base 2016/05/15 v2.6 Base part for package epstopdf
 (/home/mariana/.miktex/texmfs/install/tex/latex/oberdiek/grfext.sty
Package: grfext 2016/05/16 v1.2 Manage graphics extensions (HO)
)
Package epstopdf-base Info: Redefining graphics rule for `.eps' on input line 438.
Package grfext Info: Graphics extension search list:
(grfext)             [.pdf,.png,.jpg,.mps,.jpeg,.jbig2,.jb2,.PDF,.PNG,.JPG,.JPEG,.JBIG2,.JB2,.eps]
(grfext)             \AppendGraphicsExtensions on input line 456.
)
LaTeX Info: Redefining \microtypecontext on input line 256.
Package microtype Info: Generating PDF output.
Package microtype Info: Character protrusion enabled (level 2).
Package microtype Info: Using default protrusion set `alltext'.
Package microtype Info: Automatic font expansion enabled (level 2),
(microtype)             stretch: 20, shrink: 20, step: 1, non-selected.
Package microtype Info: Using default expansion set `basictext'.
Package microtype Info: No adjustment of tracking.
Package microtype Info: No adjustment of interword spacing.
Package microtype Info: No adjustment of character kerning.
 (/home/mariana/.miktex/texmfs/install/tex/latex/microtype/mt-ptm.cfg
File: mt-ptm.cfg 2006/04/20 v1.7 microtype config. file: Times (RS)
)
<Figuras/ufrn.jpg, id=3, 1606.0pt x 673.51625pt>
File: Figuras/ufrn.jpg Graphic file (type jpg)
<use Figuras/ufrn.jpg>
Package pdftex.def Info: Figuras/ufrn.jpg  used on input line 273.
(pdftex.def)             Requested size: 85.35826pt x 35.79485pt.
<Figuras/ppgeq.jpg, id=4, 440.64626pt x 115.43124pt>
File: Figuras/ppgeq.jpg Graphic file (type jpg)
<use Figuras/ppgeq.jpg>
Package pdftex.def Info: Figuras/ppgeq.jpg  used on input line 275.
(pdftex.def)             Requested size: 113.81102pt x 29.81238pt.
LaTeX Font Info:    Try loading font information for T1+phv on input line 284.
 (/home/mariana/.miktex/texmfs/install/tex/latex/psnfss/t1phv.fd
File: t1phv.fd 2001/06/04 scalable font definitions for T1/phv.
)
Package microtype Info: Loading generic protrusion settings for font family
(microtype)             `phv' (encoding: T1).
(microtype)             For optimal results, create family-specific settings.
(microtype)             See the microtype manual for details.
LaTeX Font Info:    Font shape `T1/phv/bx/n' in size <12> not available
(Font)              Font shape `T1/phv/b/n' tried instead on input line 284.
LaTeX Font Info:    Font shape `T1/phv/bx/n' in size <14.4> not available
(Font)              Font shape `T1/phv/b/n' tried instead on input line 284.
 [1

{/home/mariana/.miktex/texmfs/data/pdftex/config/pdftex.map} </home/mariana/Desktop/GitHub/ModeloTEX_PPGEQ/Figuras/ufrn.jpg> </home/mariana/Desktop/GitHub/ModeloTEX_PPGEQ/Figuras/ppgeq.jpg>] (/home/mariana/.miktex/texmfs/install/tex/latex/microtype/mt-cmr.cfg
File: mt-cmr.cfg 2013/05/19 v2.2 microtype config. file: Computer Modern Roman (RS)
) [2]
Underfull \hbox (badness 10000) in paragraph at lines 370--370

 []


Underfull \hbox (badness 10000) in paragraph at lines 370--370

 []


Overfull \hbox (16.54776pt too wide) in paragraph at lines 370--370
[]  [] 
 []


Underfull \hbox (badness 10000) in paragraph at lines 370--370

 []

[3]
LaTeX Font Info:    Font shape `T1/ptm/bx/n' in size <12> not available
(Font)              Font shape `T1/ptm/b/n' tried instead on input line 440.
 [4

] [5


] [6

] [7] [8

] (/home/mariana/Desktop/GitHub/ModeloTEX_PPGEQ/modelo.lof) [9

] (/home/mariana/Desktop/GitHub/ModeloTEX_PPGEQ/modelo.lot) [10

] [11


] [12


] (/home/mariana/Desktop/GitHub/ModeloTEX_PPGEQ/modelo.toc [13

]) [14] [1


] [2

] [3

] [4

] [5

]
\openout2 = `abntex2-modelo-include-comandos.aux'.

 (/home/mariana/Desktop/GitHub/ModeloTEX_PPGEQ/abntex2-modelo-include-comandos.tex
LaTeX Font Info:    Try loading font information for T1+pcr on input line 37.
 (/home/mariana/.miktex/texmfs/install/tex/latex/psnfss/t1pcr.fd
File: t1pcr.fd 2001/06/04 font definitions for T1/pcr.
)
Package microtype Info: Loading generic protrusion settings for font family
(microtype)             `pcr' (encoding: T1).
(microtype)             For optimal results, create family-specific settings.
(microtype)             See the microtype manual for details.

Overfull \hbox (98.67976pt too wide) in paragraph at lines 60--60
[]\T1/pcr/m/n/12 As citações diretas, no texto, com mais de três linhas [...] deve-se observar[] 
 []

[6


]
LaTeX Font Info:    Font shape `T1/ptm/bx/n' in size <10> not available
(Font)              Font shape `T1/ptm/b/n' tried instead on input line 116.

Underfull \hbox (badness 1163) in paragraph at lines 116--116
[]|\T1/ptm/b/n/10 Nível de In-ves-ti-
 []

[7]
<abntex2-modelo-img-grafico.pdf, id=269, 847.165pt x 314.17375pt>
File: abntex2-modelo-img-grafico.pdf Graphic file (type pdf)
<use abntex2-modelo-img-grafico.pdf>
Package pdftex.def Info: abntex2-modelo-img-grafico.pdf  used on input line 226.
(pdftex.def)             Requested size: 423.58145pt x 157.08649pt.
LaTeX Font Info:    Font shape `T1/phv/m/it' in size <14.4> not available
(Font)              Font shape `T1/phv/m/sl' tried instead on input line 232.
<abntex2-modelo-img-marca.pdf, id=276, 227.51701pt x 72.2695pt>
File: abntex2-modelo-img-marca.pdf Graphic file (type pdf)
<use abntex2-modelo-img-marca.pdf>
Package pdftex.def Info: abntex2-modelo-img-marca.pdf  used on input line 245.
(pdftex.def)             Requested size: 204.76341pt x 65.04192pt.

Overfull \hbox (22.76619pt too wide) in paragraph at lines 245--246
 [][] 
 []

File: abntex2-modelo-img-grafico.pdf Graphic file (type pdf)
<use abntex2-modelo-img-grafico.pdf>
Package pdftex.def Info: abntex2-modelo-img-grafico.pdf  used on input line 252.
(pdftex.def)             Requested size: 169.43pt x 62.83363pt.
[8] [9 </home/mariana/Desktop/GitHub/ModeloTEX_PPGEQ/abntex2-modelo-img-grafico.pdf> </home/mariana/Desktop/GitHub/ModeloTEX_PPGEQ/abntex2-modelo-img-marca.pdf>] [10]
Overfull \hbox (101.55977pt too wide) in paragraph at lines 382--382
[]   \T1/pcr/m/n/12 \usepackage{indentfirst}      % Indenta o primeiro parágrafo de cada seção.[] 
 []

[11]
Overfull \hbox (5.4398pt too wide) in paragraph at lines 425--425
[]   \T1/pcr/m/n/12 \include{documento-a-ser-incluido}      % sem a extensão .tex[] 
 []


Overfull \hbox (77.79977pt too wide) in paragraph at lines 452--452
[]   \T1/pcr/m/n/12 makeindex ARQUIVO_PRINCIPAL.nlo -s nomencl.ist -o ARQUIVO_PRINCIPAL.nls[] 
 []


Overfull \hbox (84.99977pt too wide) in paragraph at lines 474--474
[]\T1/pcr/m/n/12 Ao nomear a \autoref{tab-nivinv} e a \autoref{fig_circulo}, apresentamos um[] 
 []


Overfull \hbox (70.59978pt too wide) in paragraph at lines 475--475
[]\T1/pcr/m/n/12 exemplo de remissão interna, que também pode ser feita quando indicamos o[] 
 []


Overfull \hbox (105.87976pt too wide) in paragraph at lines 476--476
[]\T1/pcr/m/n/12 \autoref{cap_exemplos}, que tem o nome \emph{\nameref{cap_exemplos}}. O número[] 
 []

[12]
Overfull \hbox (112.71976pt too wide) in paragraph at lines 478--478
[]\T1/pcr/m/n/12 \autopageref{cap_exemplos}\footnote{O número da página de uma remissão pode ser[] 
 []


Overfull \hbox (106.23976pt too wide) in paragraph at lines 481--481
[]\T1/pcr/m/n/12 Veja a \autoref{sec-divisoes} para outros exemplos de remissões internas entre[] 
 []

[13]
Overfull \hbox (31.71979pt too wide) in paragraph at lines 537--537
[]\T1/pcr/m/n/12 \paragraph{Este é um parágrafo nomeado}\label{sec-exemplo-paragrafo}[] 
 []

[14]
Overfull \hbox (149.2335pt too wide) in paragraph at lines 614--614
 [][] [][][]\T1/ptm/m/n/10 (-20) Extraído de: [][]$<[]http : / / bigbrowser . blog . lemonde . fr / 2013 / 02 / 17 / tu-[]ne-[]tweeteras-[]point-[]le-[]vatican-[]interdit-[]aux-[]cardinaux-[]de-[]tweeter-[]pendant-[]le-[]conclave /
 []

LaTeX Info: Redefining \. on input line 632.
LaTeX Info: Redefining \% on input line 632.
[15] [16]
Overfull \hbox (46.98251pt too wide) in paragraph at lines 726--728
[]\T1/ptm/m/n/12 (-20) Veja como cus-to-mi-zar o abnT[]X2 em: [][]$<[]https : / / github . com / abntex / abntex2 / wiki / ComoCustomizar>[]$[][]. 
 []

) [17] [18


] [19

] [20

] [21

] (/home/mariana/Desktop/GitHub/ModeloTEX_PPGEQ/modelo.bbl [22

]
bibitemlist
) [23

] [24


]

Class memoir Warning: The material used in the headers is too large
(15.13202pt) for the given head height (14.5pt), it is recommended to
either increase the head height or redesign the header
(in both cases you will find help in the memoir manual). on input line 786.


Overfull \vbox (0.63202pt too high) has occurred while \output is active []

 [25

] [26


]

Class memoir Warning: The material used in the headers is too large
(15.13202pt) for the given head height (14.5pt), it is recommended to
either increase the head height or redesign the header
(in both cases you will find help in the memoir manual). on input line 797.

[27

]
\tf@lof=\write5
\openout5 = `modelo.lof'.

\tf@lot=\write6
\openout6 = `modelo.lot'.

\tf@toc=\write7
\openout7 = `modelo.toc'.

Package atveryend Info: Empty hook `BeforeClearDocument' on input line 797.
Package atveryend Info: Empty hook `AfterLastShipout' on input line 797.
 (/home/mariana/Desktop/GitHub/ModeloTEX_PPGEQ/modelo.aux (/home/mariana/Desktop/GitHub/ModeloTEX_PPGEQ/abntex2-modelo-include-comandos.aux))
Package atveryend Info: Executing hook `AtVeryEndDocument' on input line 797.
Package atveryend Info: Empty hook `AtEndAfterFileList' on input line 797.
Package atveryend Info: Empty hook `AtVeryVeryEnd' on input line 797.
 ) 
Here is how much of TeX's memory you used:
 25036 strings out of 492896
 426361 string characters out of 3129409
 803043 words of memory out of 3000000
 28279 multiletter control sequences out of 15000+200000
 603721 words of font info for 247 fonts, out of 3000000 for 9000
 1141 hyphenation exceptions out of 8191
 43i,12n,63p,516b,697s stack positions out of 5000i,500n,10000p,200000b,50000s
{/home/mariana/.miktex/texmfs/install/fonts/enc/dvips/base/8r.enc}</home/mariana/.miktex/texmfs/install/fonts/type1/public/amsfonts/cm/cmex10.pfb></home/mariana/.miktex/texmfs/install/fonts/type1/public/amsfonts/cm/cmmi12.pfb></home/mariana/.miktex/texmfs/install/fonts/type1/public/amsfonts/cm/cmmi8.pfb></home/mariana/.miktex/texmfs/install/fonts/type1/public/amsfonts/cm/cmr12.pfb></home/mariana/.miktex/texmfs/install/fonts/type1/public/amsfonts/cm/cmr8.pfb></home/mariana/.miktex/texmfs/install/fonts/type1/public/amsfonts/cm/cmsy10.pfb></home/mariana/.miktex/texmfs/install/fonts/type1/public/amsfonts/cm/cmsy8.pfb></home/mariana/.miktex/texmfs/install/fonts/type1/public/amsfonts/latxfont/line10.pfb></home/mariana/.miktex/texmfs/install/fonts/type1/urw/courier/ucrr8a.pfb></home/mariana/.miktex/texmfs/install/fonts/type1/urw/helvetic/uhvb8a.pfb></home/mariana/.miktex/texmfs/install/fonts/type1/urw/helvetic/uhvr8a.pfb></home/mariana/.miktex/texmfs/install/fonts/type1/urw/helvetic/uhvro8a.pfb></home/mariana/.miktex/texmfs/install/fonts/type1/urw/times/utmb8a.pfb></home/mariana/.miktex/texmfs/install/fonts/type1/urw/times/utmr8a.pfb></home/mariana/.miktex/texmfs/install/fonts/type1/urw/times/utmri8a.pfb>
Output written on /home/mariana/Desktop/GitHub/ModeloTEX_PPGEQ/modelo.pdf (41 pages, 598774 bytes).
PDF statistics:
 777 PDF objects out of 1000 (max. 8388607)
 165 named destinations out of 1000 (max. 500000)
 48037 words of extra memory for PDF output out of 51595 (max. 10000000)

